{"/Users/shivammishra/Desktop/untitled folder/AWS/backend/app.js": {"path":"/Users/shivammishra/Desktop/untitled folder/AWS/backend/app.js","statementMap":{"0":{"start":{"line":1,"column":16},"end":{"line":1,"column":34}},"1":{"start":{"line":2,"column":13},"end":{"line":2,"column":28}},"2":{"start":{"line":3,"column":11},"end":{"line":3,"column":33}},"3":{"start":{"line":5,"column":12},"end":{"line":5,"column":21}},"4":{"start":{"line":7,"column":0},"end":{"line":7,"column":16}},"5":{"start":{"line":8,"column":0},"end":{"line":8,"column":24}},"6":{"start":{"line":11,"column":0},"end":{"line":23,"column":3}},"7":{"start":{"line":12,"column":17},"end":{"line":12,"column":31}},"8":{"start":{"line":13,"column":2},"end":{"line":16,"column":41}},"9":{"start":{"line":14,"column":4},"end":{"line":14,"column":31}},"10":{"start":{"line":15,"column":4},"end":{"line":15,"column":27}},"11":{"start":{"line":17,"column":2},"end":{"line":22,"column":5}},"12":{"start":{"line":26,"column":19},"end":{"line":26,"column":43}},"13":{"start":{"line":27,"column":21},"end":{"line":27,"column":49}},"14":{"start":{"line":28,"column":24},"end":{"line":28,"column":53}},"15":{"start":{"line":29,"column":21},"end":{"line":29,"column":47}},"16":{"start":{"line":30,"column":22},"end":{"line":30,"column":49}},"17":{"start":{"line":31,"column":20},"end":{"line":31,"column":45}},"18":{"start":{"line":32,"column":21},"end":{"line":32,"column":47}},"19":{"start":{"line":34,"column":0},"end":{"line":34,"column":33}},"20":{"start":{"line":35,"column":0},"end":{"line":35,"column":39}},"21":{"start":{"line":36,"column":0},"end":{"line":36,"column":43}},"22":{"start":{"line":37,"column":0},"end":{"line":37,"column":37}},"23":{"start":{"line":38,"column":0},"end":{"line":38,"column":39}},"24":{"start":{"line":39,"column":0},"end":{"line":39,"column":35}},"25":{"start":{"line":40,"column":0},"end":{"line":40,"column":37}},"26":{"start":{"line":43,"column":0},"end":{"line":45,"column":3}},"27":{"start":{"line":44,"column":2},"end":{"line":44,"column":56}},"28":{"start":{"line":47,"column":0},"end":{"line":47,"column":21}}},"fnMap":{"0":{"name":"(anonymous_0)","decl":{"start":{"line":11,"column":23},"end":{"line":11,"column":24}},"loc":{"start":{"line":11,"column":43},"end":{"line":23,"column":1}},"line":11},"1":{"name":"(anonymous_1)","decl":{"start":{"line":43,"column":8},"end":{"line":43,"column":9}},"loc":{"start":{"line":43,"column":22},"end":{"line":45,"column":1}},"line":43}},"branchMap":{},"s":{"0":5,"1":5,"2":5,"3":5,"4":5,"5":5,"6":5,"7":0,"8":0,"9":0,"10":0,"11":0,"12":5,"13":5,"14":5,"15":5,"16":5,"17":5,"18":5,"19":5,"20":5,"21":5,"22":5,"23":5,"24":5,"25":5,"26":5,"27":0,"28":5},"f":{"0":0,"1":0},"b":{},"_coverageSchema":"1a1c01bbd47fc00a2c39e90264f33305004495a9","hash":"322833b7bc6cacef94af02d62c17c387966164a0"}
,"/Users/shivammishra/Desktop/untitled folder/AWS/backend/config/db.js": {"path":"/Users/shivammishra/Desktop/untitled folder/AWS/backend/config/db.js","statementMap":{"0":{"start":{"line":1,"column":14},"end":{"line":1,"column":39}},"1":{"start":{"line":2,"column":0},"end":{"line":2,"column":27}},"2":{"start":{"line":4,"column":13},"end":{"line":13,"column":2}},"3":{"start":{"line":15,"column":0},"end":{"line":15,"column":22}}},"fnMap":{},"branchMap":{},"s":{"0":5,"1":5,"2":5,"3":5},"f":{},"b":{},"_coverageSchema":"1a1c01bbd47fc00a2c39e90264f33305004495a9","hash":"d21e56bd264cdc0280c7cbf703999b53e1134ef6"}
,"/Users/shivammishra/Desktop/untitled folder/AWS/backend/middleware/auth.js": {"path":"/Users/shivammishra/Desktop/untitled folder/AWS/backend/middleware/auth.js","statementMap":{"0":{"start":{"line":1,"column":12},"end":{"line":1,"column":35}},"1":{"start":{"line":3,"column":23},"end":{"line":17,"column":1}},"2":{"start":{"line":4,"column":21},"end":{"line":4,"column":48}},"3":{"start":{"line":5,"column":2},"end":{"line":5,"column":95}},"4":{"start":{"line":5,"column":19},"end":{"line":5,"column":95}},"5":{"start":{"line":7,"column":16},"end":{"line":7,"column":49}},"6":{"start":{"line":8,"column":2},"end":{"line":8,"column":90}},"7":{"start":{"line":8,"column":14},"end":{"line":8,"column":90}},"8":{"start":{"line":10,"column":2},"end":{"line":16,"column":3}},"9":{"start":{"line":11,"column":20},"end":{"line":11,"column":78}},"10":{"start":{"line":12,"column":4},"end":{"line":12,"column":23}},"11":{"start":{"line":13,"column":4},"end":{"line":13,"column":11}},"12":{"start":{"line":15,"column":4},"end":{"line":15,"column":54}},"13":{"start":{"line":19,"column":0},"end":{"line":19,"column":32}}},"fnMap":{"0":{"name":"(anonymous_0)","decl":{"start":{"line":3,"column":23},"end":{"line":3,"column":24}},"loc":{"start":{"line":3,"column":43},"end":{"line":17,"column":1}},"line":3}},"branchMap":{"0":{"loc":{"start":{"line":5,"column":2},"end":{"line":5,"column":95}},"type":"if","locations":[{"start":{"line":5,"column":2},"end":{"line":5,"column":95}},{"start":{},"end":{}}],"line":5},"1":{"loc":{"start":{"line":8,"column":2},"end":{"line":8,"column":90}},"type":"if","locations":[{"start":{"line":8,"column":2},"end":{"line":8,"column":90}},{"start":{},"end":{}}],"line":8},"2":{"loc":{"start":{"line":11,"column":38},"end":{"line":11,"column":77}},"type":"binary-expr","locations":[{"start":{"line":11,"column":38},"end":{"line":11,"column":60}},{"start":{"line":11,"column":64},"end":{"line":11,"column":77}}],"line":11}},"s":{"0":5,"1":5,"2":11,"3":11,"4":0,"5":11,"6":11,"7":0,"8":11,"9":11,"10":11,"11":11,"12":0,"13":5},"f":{"0":11},"b":{"0":[0,11],"1":[0,11],"2":[11,0]},"_coverageSchema":"1a1c01bbd47fc00a2c39e90264f33305004495a9","hash":"9cdb8adebff24a26416fbb1c32a6469fdac0e307"}
,"/Users/shivammishra/Desktop/untitled folder/AWS/backend/middleware/rbac.js": {"path":"/Users/shivammishra/Desktop/untitled folder/AWS/backend/middleware/rbac.js","statementMap":{"0":{"start":{"line":1,"column":23},"end":{"line":13,"column":1}},"1":{"start":{"line":2,"column":2},"end":{"line":12,"column":4}},"2":{"start":{"line":3,"column":4},"end":{"line":5,"column":5}},"3":{"start":{"line":4,"column":6},"end":{"line":4,"column":77}},"4":{"start":{"line":7,"column":4},"end":{"line":9,"column":5}},"5":{"start":{"line":8,"column":6},"end":{"line":8,"column":89}},"6":{"start":{"line":11,"column":4},"end":{"line":11,"column":11}},"7":{"start":{"line":15,"column":0},"end":{"line":15,"column":32}}},"fnMap":{"0":{"name":"(anonymous_0)","decl":{"start":{"line":1,"column":23},"end":{"line":1,"column":24}},"loc":{"start":{"line":1,"column":41},"end":{"line":13,"column":1}},"line":1},"1":{"name":"(anonymous_1)","decl":{"start":{"line":2,"column":9},"end":{"line":2,"column":10}},"loc":{"start":{"line":2,"column":29},"end":{"line":12,"column":3}},"line":2}},"branchMap":{"0":{"loc":{"start":{"line":3,"column":4},"end":{"line":5,"column":5}},"type":"if","locations":[{"start":{"line":3,"column":4},"end":{"line":5,"column":5}},{"start":{},"end":{}}],"line":3},"1":{"loc":{"start":{"line":3,"column":8},"end":{"line":3,"column":35}},"type":"binary-expr","locations":[{"start":{"line":3,"column":8},"end":{"line":3,"column":17}},{"start":{"line":3,"column":21},"end":{"line":3,"column":35}}],"line":3},"2":{"loc":{"start":{"line":7,"column":4},"end":{"line":9,"column":5}},"type":"if","locations":[{"start":{"line":7,"column":4},"end":{"line":9,"column":5}},{"start":{},"end":{}}],"line":7}},"s":{"0":5,"1":70,"2":8,"3":0,"4":8,"5":3,"6":5,"7":5},"f":{"0":70,"1":8},"b":{"0":[0,8],"1":[8,8],"2":[3,5]},"_coverageSchema":"1a1c01bbd47fc00a2c39e90264f33305004495a9","hash":"8d1ef09ca7ca70fabac50749c4d5f1999201205c"}
,"/Users/shivammishra/Desktop/untitled folder/AWS/backend/routes/auth.js": {"path":"/Users/shivammishra/Desktop/untitled folder/AWS/backend/routes/auth.js","statementMap":{"0":{"start":{"line":1,"column":16},"end":{"line":1,"column":34}},"1":{"start":{"line":2,"column":15},"end":{"line":2,"column":34}},"2":{"start":{"line":3,"column":12},"end":{"line":3,"column":35}},"3":{"start":{"line":4,"column":11},"end":{"line":4,"column":34}},"4":{"start":{"line":5,"column":13},"end":{"line":5,"column":42}},"5":{"start":{"line":6,"column":13},"end":{"line":6,"column":42}},"6":{"start":{"line":8,"column":15},"end":{"line":8,"column":31}},"7":{"start":{"line":11,"column":0},"end":{"line":30,"column":3}},"8":{"start":{"line":12,"column":2},"end":{"line":29,"column":3}},"9":{"start":{"line":13,"column":35},"end":{"line":13,"column":43}},"10":{"start":{"line":14,"column":20},"end":{"line":14,"column":88}},"11":{"start":{"line":15,"column":4},"end":{"line":15,"column":99}},"12":{"start":{"line":15,"column":28},"end":{"line":15,"column":99}},"13":{"start":{"line":17,"column":17},"end":{"line":17,"column":25}},"14":{"start":{"line":18,"column":26},"end":{"line":18,"column":76}},"15":{"start":{"line":19,"column":4},"end":{"line":19,"column":95}},"16":{"start":{"line":19,"column":24},"end":{"line":19,"column":95}},"17":{"start":{"line":21,"column":18},"end":{"line":25,"column":5}},"18":{"start":{"line":26,"column":4},"end":{"line":26,"column":41}},"19":{"start":{"line":28,"column":4},"end":{"line":28,"column":76}},"20":{"start":{"line":33,"column":0},"end":{"line":45,"column":3}},"21":{"start":{"line":34,"column":2},"end":{"line":44,"column":3}},"22":{"start":{"line":35,"column":59},"end":{"line":35,"column":67}},"23":{"start":{"line":36,"column":17},"end":{"line":36,"column":48}},"24":{"start":{"line":37,"column":4},"end":{"line":40,"column":6}},"25":{"start":{"line":41,"column":4},"end":{"line":41,"column":70}},"26":{"start":{"line":43,"column":4},"end":{"line":43,"column":83}},"27":{"start":{"line":48,"column":0},"end":{"line":56,"column":3}},"28":{"start":{"line":49,"column":2},"end":{"line":55,"column":3}},"29":{"start":{"line":50,"column":20},"end":{"line":50,"column":132}},"30":{"start":{"line":51,"column":4},"end":{"line":51,"column":85}},"31":{"start":{"line":51,"column":28},"end":{"line":51,"column":85}},"32":{"start":{"line":52,"column":4},"end":{"line":52,"column":23}},"33":{"start":{"line":54,"column":4},"end":{"line":54,"column":63}},"34":{"start":{"line":58,"column":0},"end":{"line":58,"column":24}}},"fnMap":{"0":{"name":"(anonymous_0)","decl":{"start":{"line":11,"column":22},"end":{"line":11,"column":23}},"loc":{"start":{"line":11,"column":42},"end":{"line":30,"column":1}},"line":11},"1":{"name":"(anonymous_1)","decl":{"start":{"line":33,"column":48},"end":{"line":33,"column":49}},"loc":{"start":{"line":33,"column":68},"end":{"line":45,"column":1}},"line":33},"2":{"name":"(anonymous_2)","decl":{"start":{"line":48,"column":24},"end":{"line":48,"column":25}},"loc":{"start":{"line":48,"column":44},"end":{"line":56,"column":1}},"line":48}},"branchMap":{"0":{"loc":{"start":{"line":15,"column":4},"end":{"line":15,"column":99}},"type":"if","locations":[{"start":{"line":15,"column":4},"end":{"line":15,"column":99}},{"start":{},"end":{}}],"line":15},"1":{"loc":{"start":{"line":19,"column":4},"end":{"line":19,"column":95}},"type":"if","locations":[{"start":{"line":19,"column":4},"end":{"line":19,"column":95}},{"start":{},"end":{}}],"line":19},"2":{"loc":{"start":{"line":23,"column":6},"end":{"line":23,"column":45}},"type":"binary-expr","locations":[{"start":{"line":23,"column":6},"end":{"line":23,"column":28}},{"start":{"line":23,"column":32},"end":{"line":23,"column":45}}],"line":23},"3":{"loc":{"start":{"line":39,"column":41},"end":{"line":39,"column":56}},"type":"binary-expr","locations":[{"start":{"line":39,"column":41},"end":{"line":39,"column":45}},{"start":{"line":39,"column":49},"end":{"line":39,"column":56}}],"line":39},"4":{"loc":{"start":{"line":51,"column":4},"end":{"line":51,"column":85}},"type":"if","locations":[{"start":{"line":51,"column":4},"end":{"line":51,"column":85}},{"start":{},"end":{}}],"line":51}},"s":{"0":5,"1":5,"2":5,"3":5,"4":5,"5":5,"6":5,"7":5,"8":2,"9":2,"10":2,"11":2,"12":1,"13":1,"14":1,"15":1,"16":0,"17":1,"18":1,"19":0,"20":5,"21":0,"22":0,"23":0,"24":0,"25":0,"26":0,"27":5,"28":0,"29":0,"30":0,"31":0,"32":0,"33":0,"34":5},"f":{"0":2,"1":0,"2":0},"b":{"0":[1,1],"1":[0,1],"2":[1,0],"3":[0,0],"4":[0,0]},"_coverageSchema":"1a1c01bbd47fc00a2c39e90264f33305004495a9","hash":"8d5716e607d3d4dedcd5cd09f7a2f222e617c4ac"}
,"/Users/shivammishra/Desktop/untitled folder/AWS/backend/routes/claims.js": {"path":"/Users/shivammishra/Desktop/untitled folder/AWS/backend/routes/claims.js","statementMap":{"0":{"start":{"line":1,"column":16},"end":{"line":1,"column":34}},"1":{"start":{"line":2,"column":11},"end":{"line":2,"column":34}},"2":{"start":{"line":3,"column":13},"end":{"line":3,"column":42}},"3":{"start":{"line":4,"column":13},"end":{"line":4,"column":42}},"4":{"start":{"line":6,"column":15},"end":{"line":6,"column":31}},"5":{"start":{"line":9,"column":0},"end":{"line":16,"column":3}},"6":{"start":{"line":10,"column":2},"end":{"line":15,"column":3}},"7":{"start":{"line":11,"column":21},"end":{"line":11,"column":59}},"8":{"start":{"line":12,"column":4},"end":{"line":12,"column":21}},"9":{"start":{"line":14,"column":4},"end":{"line":14,"column":62}},"10":{"start":{"line":19,"column":0},"end":{"line":27,"column":3}},"11":{"start":{"line":20,"column":2},"end":{"line":26,"column":3}},"12":{"start":{"line":21,"column":21},"end":{"line":21,"column":89}},"13":{"start":{"line":22,"column":4},"end":{"line":22,"column":86}},"14":{"start":{"line":22,"column":28},"end":{"line":22,"column":86}},"15":{"start":{"line":23,"column":4},"end":{"line":23,"column":24}},"16":{"start":{"line":25,"column":4},"end":{"line":25,"column":61}},"17":{"start":{"line":30,"column":0},"end":{"line":42,"column":3}},"18":{"start":{"line":31,"column":2},"end":{"line":41,"column":3}},"19":{"start":{"line":32,"column":94},"end":{"line":32,"column":102}},"20":{"start":{"line":33,"column":4},"end":{"line":37,"column":6}},"21":{"start":{"line":38,"column":4},"end":{"line":38,"column":70}},"22":{"start":{"line":40,"column":4},"end":{"line":40,"column":62}},"23":{"start":{"line":45,"column":0},"end":{"line":53,"column":3}},"24":{"start":{"line":46,"column":2},"end":{"line":52,"column":3}},"25":{"start":{"line":47,"column":23},"end":{"line":47,"column":31}},"26":{"start":{"line":48,"column":4},"end":{"line":48,"column":89}},"27":{"start":{"line":49,"column":4},"end":{"line":49,"column":56}},"28":{"start":{"line":51,"column":4},"end":{"line":51,"column":62}},"29":{"start":{"line":56,"column":0},"end":{"line":64,"column":3}},"30":{"start":{"line":57,"column":2},"end":{"line":63,"column":3}},"31":{"start":{"line":58,"column":28},"end":{"line":58,"column":36}},"32":{"start":{"line":59,"column":4},"end":{"line":59,"column":99}},"33":{"start":{"line":60,"column":4},"end":{"line":60,"column":57}},"34":{"start":{"line":62,"column":4},"end":{"line":62,"column":62}},"35":{"start":{"line":66,"column":0},"end":{"line":66,"column":24}}},"fnMap":{"0":{"name":"(anonymous_0)","decl":{"start":{"line":9,"column":22},"end":{"line":9,"column":23}},"loc":{"start":{"line":9,"column":42},"end":{"line":16,"column":1}},"line":9},"1":{"name":"(anonymous_1)","decl":{"start":{"line":19,"column":25},"end":{"line":19,"column":26}},"loc":{"start":{"line":19,"column":45},"end":{"line":27,"column":1}},"line":19},"2":{"name":"(anonymous_2)","decl":{"start":{"line":30,"column":23},"end":{"line":30,"column":24}},"loc":{"start":{"line":30,"column":43},"end":{"line":42,"column":1}},"line":30},"3":{"name":"(anonymous_3)","decl":{"start":{"line":45,"column":53},"end":{"line":45,"column":54}},"loc":{"start":{"line":45,"column":73},"end":{"line":53,"column":1}},"line":45},"4":{"name":"(anonymous_4)","decl":{"start":{"line":56,"column":60},"end":{"line":56,"column":61}},"loc":{"start":{"line":56,"column":80},"end":{"line":64,"column":1}},"line":56}},"branchMap":{"0":{"loc":{"start":{"line":22,"column":4},"end":{"line":22,"column":86}},"type":"if","locations":[{"start":{"line":22,"column":4},"end":{"line":22,"column":86}},{"start":{},"end":{}}],"line":22}},"s":{"0":5,"1":5,"2":5,"3":5,"4":5,"5":5,"6":1,"7":1,"8":1,"9":0,"10":5,"11":0,"12":0,"13":0,"14":0,"15":0,"16":0,"17":5,"18":1,"19":1,"20":1,"21":1,"22":0,"23":5,"24":1,"25":1,"26":1,"27":1,"28":0,"29":5,"30":0,"31":0,"32":0,"33":0,"34":0,"35":5},"f":{"0":1,"1":0,"2":1,"3":1,"4":0},"b":{"0":[0,0]},"_coverageSchema":"1a1c01bbd47fc00a2c39e90264f33305004495a9","hash":"d983af22576055bcb3a4a9c6a88cf936c225faee"}
,"/Users/shivammishra/Desktop/untitled folder/AWS/backend/routes/dashboard.js": {"path":"/Users/shivammishra/Desktop/untitled folder/AWS/backend/routes/dashboard.js","statementMap":{"0":{"start":{"line":1,"column":16},"end":{"line":1,"column":34}},"1":{"start":{"line":2,"column":11},"end":{"line":2,"column":34}},"2":{"start":{"line":3,"column":13},"end":{"line":3,"column":42}},"3":{"start":{"line":4,"column":13},"end":{"line":4,"column":42}},"4":{"start":{"line":6,"column":15},"end":{"line":6,"column":31}},"5":{"start":{"line":9,"column":0},"end":{"line":20,"column":3}},"6":{"start":{"line":10,"column":2},"end":{"line":19,"column":3}},"7":{"start":{"line":11,"column":35},"end":{"line":11,"column":100}},"8":{"start":{"line":12,"column":34},"end":{"line":12,"column":152}},"9":{"start":{"line":13,"column":35},"end":{"line":13,"column":147}},"10":{"start":{"line":14,"column":40},"end":{"line":14,"column":129}},"11":{"start":{"line":16,"column":4},"end":{"line":16,"column":85}},"12":{"start":{"line":18,"column":4},"end":{"line":18,"column":71}},"13":{"start":{"line":23,"column":0},"end":{"line":33,"column":3}},"14":{"start":{"line":24,"column":2},"end":{"line":32,"column":3}},"15":{"start":{"line":25,"column":27},"end":{"line":25,"column":113}},"16":{"start":{"line":26,"column":31},"end":{"line":26,"column":111}},"17":{"start":{"line":27,"column":31},"end":{"line":27,"column":111}},"18":{"start":{"line":29,"column":4},"end":{"line":29,"column":123}},"19":{"start":{"line":31,"column":4},"end":{"line":31,"column":66}},"20":{"start":{"line":35,"column":0},"end":{"line":35,"column":24}}},"fnMap":{"0":{"name":"(anonymous_0)","decl":{"start":{"line":9,"column":27},"end":{"line":9,"column":28}},"loc":{"start":{"line":9,"column":47},"end":{"line":20,"column":1}},"line":9},"1":{"name":"(anonymous_1)","decl":{"start":{"line":23,"column":56},"end":{"line":23,"column":57}},"loc":{"start":{"line":23,"column":76},"end":{"line":33,"column":1}},"line":23}},"branchMap":{},"s":{"0":5,"1":5,"2":5,"3":5,"4":5,"5":5,"6":0,"7":0,"8":0,"9":0,"10":0,"11":0,"12":0,"13":5,"14":0,"15":0,"16":0,"17":0,"18":0,"19":0,"20":5},"f":{"0":0,"1":0},"b":{},"_coverageSchema":"1a1c01bbd47fc00a2c39e90264f33305004495a9","hash":"cba1ceeafe605487121158fdeebde6346eb6e9d9"}
,"/Users/shivammishra/Desktop/untitled folder/AWS/backend/routes/policies.js": {"path":"/Users/shivammishra/Desktop/untitled folder/AWS/backend/routes/policies.js","statementMap":{"0":{"start":{"line":1,"column":16},"end":{"line":1,"column":34}},"1":{"start":{"line":2,"column":11},"end":{"line":2,"column":34}},"2":{"start":{"line":3,"column":13},"end":{"line":3,"column":42}},"3":{"start":{"line":4,"column":13},"end":{"line":4,"column":42}},"4":{"start":{"line":6,"column":15},"end":{"line":6,"column":31}},"5":{"start":{"line":9,"column":0},"end":{"line":16,"column":3}},"6":{"start":{"line":10,"column":2},"end":{"line":15,"column":3}},"7":{"start":{"line":11,"column":23},"end":{"line":11,"column":88}},"8":{"start":{"line":12,"column":4},"end":{"line":12,"column":23}},"9":{"start":{"line":14,"column":4},"end":{"line":14,"column":88}},"10":{"start":{"line":19,"column":0},"end":{"line":27,"column":3}},"11":{"start":{"line":20,"column":2},"end":{"line":26,"column":3}},"12":{"start":{"line":21,"column":19},"end":{"line":21,"column":89}},"13":{"start":{"line":22,"column":4},"end":{"line":22,"column":86}},"14":{"start":{"line":22,"column":27},"end":{"line":22,"column":86}},"15":{"start":{"line":23,"column":4},"end":{"line":23,"column":22}},"16":{"start":{"line":25,"column":4},"end":{"line":25,"column":62}},"17":{"start":{"line":30,"column":0},"end":{"line":42,"column":3}},"18":{"start":{"line":31,"column":2},"end":{"line":41,"column":3}},"19":{"start":{"line":32,"column":133},"end":{"line":32,"column":141}},"20":{"start":{"line":33,"column":4},"end":{"line":37,"column":6}},"21":{"start":{"line":38,"column":4},"end":{"line":38,"column":69}},"22":{"start":{"line":40,"column":4},"end":{"line":40,"column":87}},"23":{"start":{"line":45,"column":0},"end":{"line":56,"column":3}},"24":{"start":{"line":46,"column":2},"end":{"line":55,"column":3}},"25":{"start":{"line":47,"column":126},"end":{"line":47,"column":134}},"26":{"start":{"line":48,"column":4},"end":{"line":51,"column":6}},"27":{"start":{"line":52,"column":4},"end":{"line":52,"column":57}},"28":{"start":{"line":54,"column":4},"end":{"line":54,"column":63}},"29":{"start":{"line":59,"column":0},"end":{"line":66,"column":3}},"30":{"start":{"line":60,"column":2},"end":{"line":65,"column":3}},"31":{"start":{"line":61,"column":4},"end":{"line":61,"column":93}},"32":{"start":{"line":62,"column":4},"end":{"line":62,"column":59}},"33":{"start":{"line":64,"column":4},"end":{"line":64,"column":63}},"34":{"start":{"line":68,"column":0},"end":{"line":68,"column":24}}},"fnMap":{"0":{"name":"(anonymous_0)","decl":{"start":{"line":9,"column":22},"end":{"line":9,"column":23}},"loc":{"start":{"line":9,"column":42},"end":{"line":16,"column":1}},"line":9},"1":{"name":"(anonymous_1)","decl":{"start":{"line":19,"column":25},"end":{"line":19,"column":26}},"loc":{"start":{"line":19,"column":45},"end":{"line":27,"column":1}},"line":19},"2":{"name":"(anonymous_2)","decl":{"start":{"line":30,"column":51},"end":{"line":30,"column":52}},"loc":{"start":{"line":30,"column":71},"end":{"line":42,"column":1}},"line":30},"3":{"name":"(anonymous_3)","decl":{"start":{"line":45,"column":53},"end":{"line":45,"column":54}},"loc":{"start":{"line":45,"column":73},"end":{"line":56,"column":1}},"line":45},"4":{"name":"(anonymous_4)","decl":{"start":{"line":59,"column":45},"end":{"line":59,"column":46}},"loc":{"start":{"line":59,"column":65},"end":{"line":66,"column":1}},"line":59}},"branchMap":{"0":{"loc":{"start":{"line":22,"column":4},"end":{"line":22,"column":86}},"type":"if","locations":[{"start":{"line":22,"column":4},"end":{"line":22,"column":86}},{"start":{},"end":{}}],"line":22}},"s":{"0":5,"1":5,"2":5,"3":5,"4":5,"5":5,"6":1,"7":1,"8":1,"9":0,"10":5,"11":0,"12":0,"13":0,"14":0,"15":0,"16":0,"17":5,"18":1,"19":1,"20":1,"21":1,"22":0,"23":5,"24":0,"25":0,"26":0,"27":0,"28":0,"29":5,"30":0,"31":0,"32":0,"33":0,"34":5},"f":{"0":1,"1":0,"2":1,"3":0,"4":0},"b":{"0":[0,0]},"_coverageSchema":"1a1c01bbd47fc00a2c39e90264f33305004495a9","hash":"cf6764ea7262641c46e9f7d1092ad5ddf67a8be9"}
,"/Users/shivammishra/Desktop/untitled folder/AWS/backend/routes/reports.js": {"path":"/Users/shivammishra/Desktop/untitled folder/AWS/backend/routes/reports.js","statementMap":{"0":{"start":{"line":1,"column":16},"end":{"line":1,"column":34}},"1":{"start":{"line":2,"column":11},"end":{"line":2,"column":34}},"2":{"start":{"line":3,"column":13},"end":{"line":3,"column":42}},"3":{"start":{"line":4,"column":13},"end":{"line":4,"column":42}},"4":{"start":{"line":6,"column":15},"end":{"line":6,"column":31}},"5":{"start":{"line":9,"column":0},"end":{"line":23,"column":3}},"6":{"start":{"line":10,"column":2},"end":{"line":22,"column":3}},"7":{"start":{"line":11,"column":34},"end":{"line":11,"column":133}},"8":{"start":{"line":12,"column":33},"end":{"line":12,"column":128}},"9":{"start":{"line":13,"column":30},"end":{"line":13,"column":142}},"10":{"start":{"line":15,"column":4},"end":{"line":19,"column":7}},"11":{"start":{"line":21,"column":4},"end":{"line":21,"column":75}},"12":{"start":{"line":26,"column":0},"end":{"line":38,"column":3}},"13":{"start":{"line":27,"column":2},"end":{"line":37,"column":3}},"14":{"start":{"line":28,"column":27},"end":{"line":28,"column":113}},"15":{"start":{"line":29,"column":29},"end":{"line":29,"column":107}},"16":{"start":{"line":31,"column":4},"end":{"line":34,"column":7}},"17":{"start":{"line":36,"column":4},"end":{"line":36,"column":72}},"18":{"start":{"line":40,"column":0},"end":{"line":40,"column":24}}},"fnMap":{"0":{"name":"(anonymous_0)","decl":{"start":{"line":9,"column":48},"end":{"line":9,"column":49}},"loc":{"start":{"line":9,"column":68},"end":{"line":23,"column":1}},"line":9},"1":{"name":"(anonymous_1)","decl":{"start":{"line":26,"column":56},"end":{"line":26,"column":57}},"loc":{"start":{"line":26,"column":76},"end":{"line":38,"column":1}},"line":26}},"branchMap":{"0":{"loc":{"start":{"line":16,"column":21},"end":{"line":16,"column":39}},"type":"binary-expr","locations":[{"start":{"line":16,"column":21},"end":{"line":16,"column":34}},{"start":{"line":16,"column":38},"end":{"line":16,"column":39}}],"line":16},"1":{"loc":{"start":{"line":17,"column":20},"end":{"line":17,"column":37}},"type":"binary-expr","locations":[{"start":{"line":17,"column":20},"end":{"line":17,"column":32}},{"start":{"line":17,"column":36},"end":{"line":17,"column":37}}],"line":17}},"s":{"0":5,"1":5,"2":5,"3":5,"4":5,"5":5,"6":1,"7":1,"8":1,"9":1,"10":1,"11":0,"12":5,"13":0,"14":0,"15":0,"16":0,"17":0,"18":5},"f":{"0":1,"1":0},"b":{"0":[1,0],"1":[1,0]},"_coverageSchema":"1a1c01bbd47fc00a2c39e90264f33305004495a9","hash":"9f9875d23e7a6696c14c7ee840538972ed22e1db"}
,"/Users/shivammishra/Desktop/untitled folder/AWS/backend/routes/system.js": {"path":"/Users/shivammishra/Desktop/untitled folder/AWS/backend/routes/system.js","statementMap":{"0":{"start":{"line":1,"column":16},"end":{"line":1,"column":34}},"1":{"start":{"line":2,"column":11},"end":{"line":2,"column":34}},"2":{"start":{"line":3,"column":13},"end":{"line":3,"column":42}},"3":{"start":{"line":4,"column":13},"end":{"line":4,"column":42}},"4":{"start":{"line":5,"column":11},"end":{"line":5,"column":24}},"5":{"start":{"line":7,"column":15},"end":{"line":7,"column":31}},"6":{"start":{"line":10,"column":0},"end":{"line":26,"column":3}},"7":{"start":{"line":11,"column":2},"end":{"line":25,"column":3}},"8":{"start":{"line":12,"column":21},"end":{"line":12,"column":34}},"9":{"start":{"line":13,"column":20},"end":{"line":13,"column":32}},"10":{"start":{"line":14,"column":20},"end":{"line":21,"column":5}},"11":{"start":{"line":22,"column":4},"end":{"line":22,"column":22}},"12":{"start":{"line":24,"column":4},"end":{"line":24,"column":73}},"13":{"start":{"line":29,"column":0},"end":{"line":36,"column":3}},"14":{"start":{"line":30,"column":2},"end":{"line":35,"column":3}},"15":{"start":{"line":31,"column":19},"end":{"line":31,"column":150}},"16":{"start":{"line":32,"column":4},"end":{"line":32,"column":19}},"17":{"start":{"line":34,"column":4},"end":{"line":34,"column":66}},"18":{"start":{"line":38,"column":0},"end":{"line":38,"column":24}}},"fnMap":{"0":{"name":"(anonymous_0)","decl":{"start":{"line":10,"column":46},"end":{"line":10,"column":47}},"loc":{"start":{"line":10,"column":60},"end":{"line":26,"column":1}},"line":10},"1":{"name":"(anonymous_1)","decl":{"start":{"line":29,"column":48},"end":{"line":29,"column":49}},"loc":{"start":{"line":29,"column":68},"end":{"line":36,"column":1}},"line":29}},"branchMap":{},"s":{"0":5,"1":5,"2":5,"3":5,"4":5,"5":5,"6":5,"7":1,"8":1,"9":1,"10":1,"11":1,"12":0,"13":5,"14":0,"15":0,"16":0,"17":0,"18":5},"f":{"0":1,"1":0},"b":{},"_coverageSchema":"1a1c01bbd47fc00a2c39e90264f33305004495a9","hash":"6110de88a5209b8faf62183856f19154fd330e7b"}
,"/Users/shivammishra/Desktop/untitled folder/AWS/backend/routes/users.js": {"path":"/Users/shivammishra/Desktop/untitled folder/AWS/backend/routes/users.js","statementMap":{"0":{"start":{"line":1,"column":16},"end":{"line":1,"column":34}},"1":{"start":{"line":2,"column":11},"end":{"line":2,"column":34}},"2":{"start":{"line":3,"column":13},"end":{"line":3,"column":42}},"3":{"start":{"line":4,"column":13},"end":{"line":4,"column":42}},"4":{"start":{"line":6,"column":15},"end":{"line":6,"column":31}},"5":{"start":{"line":9,"column":0},"end":{"line":16,"column":3}},"6":{"start":{"line":10,"column":2},"end":{"line":15,"column":3}},"7":{"start":{"line":11,"column":20},"end":{"line":11,"column":104}},"8":{"start":{"line":12,"column":4},"end":{"line":12,"column":20}},"9":{"start":{"line":14,"column":4},"end":{"line":14,"column":61}},"10":{"start":{"line":19,"column":0},"end":{"line":27,"column":3}},"11":{"start":{"line":20,"column":2},"end":{"line":26,"column":3}},"12":{"start":{"line":21,"column":21},"end":{"line":21,"column":29}},"13":{"start":{"line":22,"column":4},"end":{"line":22,"column":84}},"14":{"start":{"line":23,"column":4},"end":{"line":23,"column":60}},"15":{"start":{"line":25,"column":4},"end":{"line":25,"column":66}},"16":{"start":{"line":30,"column":0},"end":{"line":37,"column":3}},"17":{"start":{"line":31,"column":2},"end":{"line":36,"column":3}},"18":{"start":{"line":32,"column":4},"end":{"line":32,"column":70}},"19":{"start":{"line":33,"column":4},"end":{"line":33,"column":55}},"20":{"start":{"line":35,"column":4},"end":{"line":35,"column":61}},"21":{"start":{"line":39,"column":0},"end":{"line":39,"column":24}}},"fnMap":{"0":{"name":"(anonymous_0)","decl":{"start":{"line":9,"column":39},"end":{"line":9,"column":40}},"loc":{"start":{"line":9,"column":59},"end":{"line":16,"column":1}},"line":9},"1":{"name":"(anonymous_1)","decl":{"start":{"line":19,"column":47},"end":{"line":19,"column":48}},"loc":{"start":{"line":19,"column":67},"end":{"line":27,"column":1}},"line":19},"2":{"name":"(anonymous_2)","decl":{"start":{"line":30,"column":45},"end":{"line":30,"column":46}},"loc":{"start":{"line":30,"column":65},"end":{"line":37,"column":1}},"line":30}},"branchMap":{},"s":{"0":5,"1":5,"2":5,"3":5,"4":5,"5":5,"6":1,"7":1,"8":1,"9":0,"10":5,"11":0,"12":0,"13":0,"14":0,"15":0,"16":5,"17":0,"18":0,"19":0,"20":0,"21":5},"f":{"0":1,"1":0,"2":0},"b":{},"_coverageSchema":"1a1c01bbd47fc00a2c39e90264f33305004495a9","hash":"6375886ef01e49b13e4905d4a662f70f1d483e34"}
}
