TN:
SF:app.js
FN:10,(anonymous_0)
FN:22,(anonymous_1)
FNF:2
FNH:0
FNDA:0,(anonymous_0)
FNDA:0,(anonymous_1)
DA:1,2
DA:2,2
DA:4,2
DA:6,2
DA:7,2
DA:10,2
DA:11,0
DA:15,2
DA:16,2
DA:18,2
DA:19,2
DA:22,2
DA:23,0
DA:26,2
LF:14
LH:12
BRF:0
BRH:0
end_of_record
TN:
SF:config/db.js
FNF:0
FNH:0
DA:1,2
DA:2,2
DA:4,2
DA:15,2
LF:4
LH:4
BRF:0
BRH:0
end_of_record
TN:
SF:middleware/auth.js
FN:3,(anonymous_0)
FNF:1
FNH:1
FNDA:3,(anonymous_0)
DA:1,2
DA:3,2
DA:4,3
DA:5,3
DA:7,3
DA:8,3
DA:10,3
DA:11,3
DA:12,3
DA:13,3
DA:15,0
DA:19,2
LF:12
LH:11
BRDA:5,0,0,0
BRDA:5,0,1,3
BRDA:8,1,0,0
BRDA:8,1,1,3
BRDA:11,2,0,3
BRDA:11,2,1,0
BRF:6
BRH:3
end_of_record
TN:
SF:middleware/rbac.js
FN:1,(anonymous_0)
FN:2,(anonymous_1)
FNF:2
FNH:2
FNDA:2,(anonymous_0)
FNDA:2,(anonymous_1)
DA:1,2
DA:2,2
DA:3,2
DA:4,0
DA:7,2
DA:8,1
DA:11,1
DA:15,2
LF:8
LH:7
BRDA:3,0,0,0
BRDA:3,0,1,2
BRDA:3,1,0,2
BRDA:3,1,1,2
BRDA:7,2,0,1
BRDA:7,2,1,1
BRF:6
BRH:5
end_of_record
TN:
SF:routes/auth.js
FN:8,(anonymous_0)
FNF:1
FNH:1
FNDA:2,(anonymous_0)
DA:1,2
DA:2,2
DA:3,2
DA:4,2
DA:6,2
DA:8,2
DA:9,2
DA:10,2
DA:12,2
DA:13,2
DA:15,1
DA:16,1
DA:17,1
DA:19,1
DA:25,1
DA:27,0
DA:31,2
LF:17
LH:16
BRDA:13,0,0,1
BRDA:13,0,1,1
BRDA:17,1,0,0
BRDA:17,1,1,1
BRDA:21,2,0,1
BRDA:21,2,1,0
BRF:6
BRH:4
end_of_record
TN:
SF:routes/policies.js
FN:8,(anonymous_0)
FN:17,(anonymous_1)
FNF:2
FNH:2
FNDA:1,(anonymous_0)
FNDA:1,(anonymous_1)
DA:1,2
DA:2,2
DA:3,2
DA:4,2
DA:6,2
DA:8,2
DA:9,1
DA:10,1
DA:11,1
DA:13,0
DA:17,2
DA:18,1
DA:19,1
DA:21,1
DA:26,1
DA:28,0
DA:32,2
LF:17
LH:15
BRF:0
BRH:0
end_of_record
