TN:
SF:app.js
FN:11,(anonymous_0)
FN:43,(anonymous_1)
FNF:2
FNH:0
FNDA:0,(anonymous_0)
FNDA:0,(anonymous_1)
DA:1,5
DA:2,5
DA:3,5
DA:5,5
DA:7,5
DA:8,5
DA:11,5
DA:12,0
DA:13,0
DA:14,0
DA:15,0
DA:17,0
DA:26,5
DA:27,5
DA:28,5
DA:29,5
DA:30,5
DA:31,5
DA:32,5
DA:34,5
DA:35,5
DA:36,5
DA:37,5
DA:38,5
DA:39,5
DA:40,5
DA:43,5
DA:44,0
DA:47,5
LF:29
LH:23
BRF:0
BRH:0
end_of_record
TN:
SF:config/db.js
FNF:0
FNH:0
DA:1,5
DA:2,5
DA:4,5
DA:15,5
LF:4
LH:4
BRF:0
BRH:0
end_of_record
TN:
SF:middleware/auth.js
FN:3,(anonymous_0)
FNF:1
FNH:1
FNDA:11,(anonymous_0)
DA:1,5
DA:3,5
DA:4,11
DA:5,11
DA:7,11
DA:8,11
DA:10,11
DA:11,11
DA:12,11
DA:13,11
DA:15,0
DA:19,5
LF:12
LH:11
BRDA:5,0,0,0
BRDA:5,0,1,11
BRDA:8,1,0,0
BRDA:8,1,1,11
BRDA:11,2,0,11
BRDA:11,2,1,0
BRF:6
BRH:3
end_of_record
TN:
SF:middleware/rbac.js
FN:1,(anonymous_0)
FN:2,(anonymous_1)
FNF:2
FNH:2
FNDA:70,(anonymous_0)
FNDA:8,(anonymous_1)
DA:1,5
DA:2,70
DA:3,8
DA:4,0
DA:7,8
DA:8,3
DA:11,5
DA:15,5
LF:8
LH:7
BRDA:3,0,0,0
BRDA:3,0,1,8
BRDA:3,1,0,8
BRDA:3,1,1,8
BRDA:7,2,0,3
BRDA:7,2,1,5
BRF:6
BRH:5
end_of_record
TN:
SF:routes/auth.js
FN:11,(anonymous_0)
FN:33,(anonymous_1)
FN:48,(anonymous_2)
FNF:3
FNH:1
FNDA:2,(anonymous_0)
FNDA:0,(anonymous_1)
FNDA:0,(anonymous_2)
DA:1,5
DA:2,5
DA:3,5
DA:4,5
DA:5,5
DA:6,5
DA:8,5
DA:11,5
DA:12,2
DA:13,2
DA:14,2
DA:15,2
DA:17,1
DA:18,1
DA:19,1
DA:21,1
DA:26,1
DA:28,0
DA:33,5
DA:34,0
DA:35,0
DA:36,0
DA:37,0
DA:41,0
DA:43,0
DA:48,5
DA:49,0
DA:50,0
DA:51,0
DA:52,0
DA:54,0
DA:58,5
LF:32
LH:20
BRDA:15,0,0,1
BRDA:15,0,1,1
BRDA:19,1,0,0
BRDA:19,1,1,1
BRDA:23,2,0,1
BRDA:23,2,1,0
BRDA:39,3,0,0
BRDA:39,3,1,0
BRDA:51,4,0,0
BRDA:51,4,1,0
BRF:10
BRH:4
end_of_record
TN:
SF:routes/claims.js
FN:9,(anonymous_0)
FN:19,(anonymous_1)
FN:30,(anonymous_2)
FN:45,(anonymous_3)
FN:56,(anonymous_4)
FNF:5
FNH:3
FNDA:1,(anonymous_0)
FNDA:0,(anonymous_1)
FNDA:1,(anonymous_2)
FNDA:1,(anonymous_3)
FNDA:0,(anonymous_4)
DA:1,5
DA:2,5
DA:3,5
DA:4,5
DA:6,5
DA:9,5
DA:10,1
DA:11,1
DA:12,1
DA:14,0
DA:19,5
DA:20,0
DA:21,0
DA:22,0
DA:23,0
DA:25,0
DA:30,5
DA:31,1
DA:32,1
DA:33,1
DA:38,1
DA:40,0
DA:45,5
DA:46,1
DA:47,1
DA:48,1
DA:49,1
DA:51,0
DA:56,5
DA:57,0
DA:58,0
DA:59,0
DA:60,0
DA:62,0
DA:66,5
LF:35
LH:22
BRDA:22,0,0,0
BRDA:22,0,1,0
BRF:2
BRH:0
end_of_record
TN:
SF:routes/dashboard.js
FN:9,(anonymous_0)
FN:23,(anonymous_1)
FNF:2
FNH:0
FNDA:0,(anonymous_0)
FNDA:0,(anonymous_1)
DA:1,5
DA:2,5
DA:3,5
DA:4,5
DA:6,5
DA:9,5
DA:10,0
DA:11,0
DA:12,0
DA:13,0
DA:14,0
DA:16,0
DA:18,0
DA:23,5
DA:24,0
DA:25,0
DA:26,0
DA:27,0
DA:29,0
DA:31,0
DA:35,5
LF:21
LH:8
BRF:0
BRH:0
end_of_record
TN:
SF:routes/policies.js
FN:9,(anonymous_0)
FN:19,(anonymous_1)
FN:30,(anonymous_2)
FN:45,(anonymous_3)
FN:59,(anonymous_4)
FNF:5
FNH:2
FNDA:1,(anonymous_0)
FNDA:0,(anonymous_1)
FNDA:1,(anonymous_2)
FNDA:0,(anonymous_3)
FNDA:0,(anonymous_4)
DA:1,5
DA:2,5
DA:3,5
DA:4,5
DA:6,5
DA:9,5
DA:10,1
DA:11,1
DA:12,1
DA:14,0
DA:19,5
DA:20,0
DA:21,0
DA:22,0
DA:23,0
DA:25,0
DA:30,5
DA:31,1
DA:32,1
DA:33,1
DA:38,1
DA:40,0
DA:45,5
DA:46,0
DA:47,0
DA:48,0
DA:52,0
DA:54,0
DA:59,5
DA:60,0
DA:61,0
DA:62,0
DA:64,0
DA:68,5
LF:34
LH:18
BRDA:22,0,0,0
BRDA:22,0,1,0
BRF:2
BRH:0
end_of_record
TN:
SF:routes/reports.js
FN:9,(anonymous_0)
FN:26,(anonymous_1)
FNF:2
FNH:1
FNDA:1,(anonymous_0)
FNDA:0,(anonymous_1)
DA:1,5
DA:2,5
DA:3,5
DA:4,5
DA:6,5
DA:9,5
DA:10,1
DA:11,1
DA:12,1
DA:13,1
DA:15,1
DA:21,0
DA:26,5
DA:27,0
DA:28,0
DA:29,0
DA:31,0
DA:36,0
DA:40,5
LF:19
LH:13
BRDA:16,0,0,1
BRDA:16,0,1,0
BRDA:17,1,0,1
BRDA:17,1,1,0
BRF:4
BRH:2
end_of_record
TN:
SF:routes/system.js
FN:10,(anonymous_0)
FN:29,(anonymous_1)
FNF:2
FNH:1
FNDA:1,(anonymous_0)
FNDA:0,(anonymous_1)
DA:1,5
DA:2,5
DA:3,5
DA:4,5
DA:5,5
DA:7,5
DA:10,5
DA:11,1
DA:12,1
DA:13,1
DA:14,1
DA:22,1
DA:24,0
DA:29,5
DA:30,0
DA:31,0
DA:32,0
DA:34,0
DA:38,5
LF:19
LH:14
BRF:0
BRH:0
end_of_record
TN:
SF:routes/users.js
FN:9,(anonymous_0)
FN:19,(anonymous_1)
FN:30,(anonymous_2)
FNF:3
FNH:1
FNDA:1,(anonymous_0)
FNDA:0,(anonymous_1)
FNDA:0,(anonymous_2)
DA:1,5
DA:2,5
DA:3,5
DA:4,5
DA:6,5
DA:9,5
DA:10,1
DA:11,1
DA:12,1
DA:14,0
DA:19,5
DA:20,0
DA:21,0
DA:22,0
DA:23,0
DA:25,0
DA:30,5
DA:31,0
DA:32,0
DA:33,0
DA:35,0
DA:39,5
LF:22
LH:12
BRF:0
BRH:0
end_of_record
